<?xml version="1.0" encoding="UTF-8"?>
<!-- Generated by org.testng.reporters.JUnitXMLReporter -->
<testsuite ignored="1" hostname="Vivek" failures="0" tests="1" name="Test" time="40.033" errors="0" timestamp="2023-09-21T17:18:25 IST">
  <testcase classname="com.procedure.chat.CM006_ValidateSearchWhenNoResultsAreDisplayed" name="test" time="0.014"/>
  <testcase classname="com.procedure.chat.CM006_ValidateSearchWhenNoResultsAreDisplayed" name="testValidateSearchWhenNoResultsAreDisplayed" time="0.0">
    <ignored/>
  </testcase> <!-- testValidateSearchWhenNoResultsAreDisplayed -->
</testsuite> <!-- Test -->
