<?xml version="1.0" encoding="UTF-8"?>
<testng-results ignored="0" total="1" passed="1" failed="0" skipped="0">
  <reporter-output>
    <line>
      <![CDATA[Chat window is displayed.]]>
    </line>
    <line>
      <![CDATA[User chat window is displayed.]]>
    </line>
    <line>
      <![CDATA[Old message is displayed]]>
    </line>
    <line>
      <![CDATA[Message is displayed after typing]]>
    </line>
    <line>
      <![CDATA[Patient Master Text is dispalyed after pressing Escape button]]>
    </line>
    <line>
      <![CDATA[Chat window is displayed after reopening]]>
    </line>
    <line>
      <![CDATA[Old message is displayed after reopening]]>
    </line>
    <line>
      <![CDATA[Same typed message is displayed after reopening]]>
    </line>
  </reporter-output>
  <suite started-at="2023-09-22T12:11:12 IST" name="Default suite" finished-at="2023-09-22T12:12:39 IST" duration-ms="87242">
    <groups>
    </groups>
    <test started-at="2023-09-22T12:11:12 IST" name="Default test" finished-at="2023-09-22T12:12:39 IST" duration-ms="87242">
      <class name="com.procedure.chat.CM013_ValidateDraftMessageIsMaintainedAfterReopeningTheChat">
        <test-method is-config="true" signature="openBrowser()[pri:0, instance:com.procedure.chat.CM013_ValidateDraftMessageIsMaintainedAfterReopeningTheChat@10e31a9a]" started-at="2023-09-22T12:11:12 IST" name="openBrowser" finished-at="2023-09-22T12:11:18 IST" duration-ms="6264" status="PASS">
          <reporter-output>
          </reporter-output>
        </test-method> <!-- openBrowser -->
        <test-method is-config="true" signature="login()[pri:0, instance:com.procedure.chat.CM013_ValidateDraftMessageIsMaintainedAfterReopeningTheChat@10e31a9a]" started-at="2023-09-22T12:11:18 IST" name="login" finished-at="2023-09-22T12:11:42 IST" duration-ms="24525" status="PASS">
          <reporter-output>
          </reporter-output>
        </test-method> <!-- login -->
        <test-method signature="testValidateDraftMessageIsMaintainedAfterReopeningTheChat()[pri:0, instance:com.procedure.chat.CM013_ValidateDraftMessageIsMaintainedAfterReopeningTheChat@10e31a9a]" started-at="2023-09-22T12:11:42 IST" name="testValidateDraftMessageIsMaintainedAfterReopeningTheChat" finished-at="2023-09-22T12:12:37 IST" duration-ms="54819" status="PASS">
          <reporter-output>
            <line>
              <![CDATA[Chat window is displayed.]]>
            </line>
            <line>
              <![CDATA[User chat window is displayed.]]>
            </line>
            <line>
              <![CDATA[Old message is displayed]]>
            </line>
            <line>
              <![CDATA[Message is displayed after typing]]>
            </line>
            <line>
              <![CDATA[Patient Master Text is dispalyed after pressing Escape button]]>
            </line>
            <line>
              <![CDATA[Chat window is displayed after reopening]]>
            </line>
            <line>
              <![CDATA[Old message is displayed after reopening]]>
            </line>
            <line>
              <![CDATA[Same typed message is displayed after reopening]]>
            </line>
          </reporter-output>
        </test-method> <!-- testValidateDraftMessageIsMaintainedAfterReopeningTheChat -->
        <test-method is-config="true" signature="logout()[pri:0, instance:com.procedure.chat.CM013_ValidateDraftMessageIsMaintainedAfterReopeningTheChat@10e31a9a]" started-at="2023-09-22T12:12:37 IST" name="logout" finished-at="2023-09-22T12:12:38 IST" duration-ms="709" status="PASS">
          <reporter-output>
          </reporter-output>
        </test-method> <!-- logout -->
        <test-method is-config="true" signature="closeBrowser()[pri:0, instance:com.procedure.chat.CM013_ValidateDraftMessageIsMaintainedAfterReopeningTheChat@10e31a9a]" started-at="2023-09-22T12:12:38 IST" name="closeBrowser" finished-at="2023-09-22T12:12:39 IST" duration-ms="789" status="PASS">
          <reporter-output>
          </reporter-output>
        </test-method> <!-- closeBrowser -->
      </class> <!-- com.procedure.chat.CM013_ValidateDraftMessageIsMaintainedAfterReopeningTheChat -->
    </test> <!-- Default test -->
  </suite> <!-- Default suite -->
</testng-results>
